Using pre-set license
Built from '2020.3/release' branch; Version is '2020.3.7f1 (dd97f2c94397) revision 14522354'; Using compiler version '192528614'; Build Type 'Release'
OS: 'Windows 10 Enterprise; OS build 19041.1415; Version 2004; 64bit' Language: 'en' Physical Memory: 32683 MB
BatchMode: 1, IsHumanControllingUs: 0, StartBugReporterOnCrash: 0, Is64bit: 1, IsPro: 0

 COMMAND LINE ARGUMENTS:
C:\Program Files\Unity\Editor\Unity.exe
-adb2
-batchMode
-noUpm
-name
AssetImportWorker0
-projectPath
C:/Users/anryan/BlackJack
-logFile
Logs/AssetImportWorker0.log
-srvPort
61615
Successfully changed project path to: C:/Users/anryan/BlackJack
C:/Users/anryan/BlackJack
Using Asset Import Pipeline V2.
Refreshing native plugins compatible for Editor in 24.24 ms, found 0 plugins.
Preloading 0 native plugins for Editor in 0.00 ms.
Initialize engine version: 2020.3.7f1 (dd97f2c94397)
[Subsystems] Discovering subsystems at path C:/Program Files/Unity/Editor/Data/Resources/UnitySubsystems
[Subsystems] Discovering subsystems at path C:/Users/anryan/BlackJack/Assets
GfxDevice: creating device client; threaded=0
Direct3D:
    Version:  Direct3D 11.0 [level 11.1]
    Renderer: NVIDIA GeForce GTX 980 (ID=0x13c0)
    Vendor:   
    VRAM:     4053 MB
    Driver:   27.21.14.5671
Initialize mono
Mono path[0] = 'C:/Program Files/Unity/Editor/Data/Managed'
Mono path[1] = 'C:/Program Files/Unity/Editor/Data/MonoBleedingEdge/lib/mono/unityjit'
Mono config path = 'C:/Program Files/Unity/Editor/Data/MonoBleedingEdge/etc'
Using monoOptions --debugger-agent=transport=dt_socket,embedding=1,server=y,suspend=n,address=127.0.0.1:56168
Begin MonoManager ReloadAssembly
Registering precompiled unity dll's ...
Register platform support module: C:/Program Files/Unity/Editor/Data/PlaybackEngines/WindowsStandaloneSupport/UnityEditor.WindowsStandalone.Extensions.dll
Registered in 0.002468 seconds.
Native extension for WindowsStandalone target not found
Refreshing native plugins compatible for Editor in 32.65 ms, found 0 plugins.
Preloading 0 native plugins for Editor in 0.00 ms.
Mono: successfully reloaded assembly
- Completed reload, in  1.409 seconds
Platform modules already initialized, skipping
Registering precompiled user dll's ...
Registered in 0.000890 seconds.
Begin MonoManager ReloadAssembly
Native extension for WindowsStandalone target not found
Refreshing native plugins compatible for Editor in 0.32 ms, found 0 plugins.
Preloading 0 native plugins for Editor in 0.00 ms.
Mono: successfully reloaded assembly
- Completed reload, in  1.072 seconds
Platform modules already initialized, skipping
========================================================================
Worker process is ready to serve import requests
Launched and connected shader compiler UnityShaderCompiler.exe after 0.08 seconds
Refreshing native plugins compatible for Editor in 0.19 ms, found 0 plugins.
Preloading 0 native plugins for Editor in 0.00 ms.
Unloading 1115 Unused Serialized files (Serialized files now loaded: 0)
System memory in use before: 57.1 MB.
System memory in use after: 57.1 MB.

Unloading 10 unused Assets to reduce memory usage. Loaded Objects now: 1557.
Total: 2.204000 ms (FindLiveObjects: 0.194800 ms CreateObjectMapping: 0.056500 ms MarkObjects: 1.866900 ms  DeleteObjects: 0.084700 ms)

========================================================================
Received Import Request.
  path: Assets
  artifactKey: Guid(00000000000000001000000000000000) Importer(815301076,1909f56bfc062723c751e8b465ee728b)
Start importing Assets using Guid(00000000000000001000000000000000) Importer(815301076,1909f56bfc062723c751e8b465ee728b)  -> (artifact id: '5f6a1853b736837ecfb0820a881449cb') in 0.005725 seconds
  Import took 0.008185 seconds .

========================================================================
Received Import Request.
  Time since last request: 8.360392 seconds.
  path: Assets/Blackjack.cs
  artifactKey: Guid(321750bccc11aae489b1720cc3522e4f) Importer(815301076,1909f56bfc062723c751e8b465ee728b)
Start importing Assets/Blackjack.cs using Guid(321750bccc11aae489b1720cc3522e4f) Importer(815301076,1909f56bfc062723c751e8b465ee728b)  -> (artifact id: '8a195bb0f8acd94fccb11bf010fec8dc') in 0.046344 seconds
  Import took 0.048666 seconds .

========================================================================
Received Prepare
Registering precompiled user dll's ...
Registered in 0.000945 seconds.
Begin MonoManager ReloadAssembly
Native extension for WindowsStandalone target not found
Refreshing native plugins compatible for Editor in 0.23 ms, found 0 plugins.
Preloading 0 native plugins for Editor in 0.00 ms.
Mono: successfully reloaded assembly
- Completed reload, in  0.940 seconds
Platform modules already initialized, skipping
Refreshing native plugins compatible for Editor in 0.18 ms, found 0 plugins.
Preloading 0 native plugins for Editor in 0.00 ms.
Unloading 1111 Unused Serialized files (Serialized files now loaded: 0)
System memory in use before: 57.0 MB.
System memory in use after: 57.1 MB.

Unloading 5 unused Assets to reduce memory usage. Loaded Objects now: 1561.
Total: 1.628300 ms (FindLiveObjects: 0.167700 ms CreateObjectMapping: 0.046200 ms MarkObjects: 1.357300 ms  DeleteObjects: 0.055400 ms)

========================================================================
Received Import Request.
  Time since last request: 894.153095 seconds.
  path: Assets/Blackjack.cs
  artifactKey: Guid(321750bccc11aae489b1720cc3522e4f) Importer(815301076,1909f56bfc062723c751e8b465ee728b)
Start importing Assets/Blackjack.cs using Guid(321750bccc11aae489b1720cc3522e4f) Importer(815301076,1909f56bfc062723c751e8b465ee728b)  -> (artifact id: 'e440786f2c1cb4978abbc1b033bfea2d') in 0.006882 seconds
  Import took 0.010109 seconds .

========================================================================
Received Import Request.
  Time since last request: 0.029208 seconds.
  path: Assets/Blackjack.cs
  artifactKey: Guid(321750bccc11aae489b1720cc3522e4f) Importer(815301076,1909f56bfc062723c751e8b465ee728b)
Start importing Assets/Blackjack.cs using Guid(321750bccc11aae489b1720cc3522e4f) Importer(815301076,1909f56bfc062723c751e8b465ee728b)  -> (artifact id: 'e440786f2c1cb4978abbc1b033bfea2d') in 0.005091 seconds
  Import took 0.007973 seconds .

========================================================================
Received Prepare
Registering precompiled user dll's ...
Registered in 0.000785 seconds.
Begin MonoManager ReloadAssembly
Native extension for WindowsStandalone target not found
Refreshing native plugins compatible for Editor in 0.26 ms, found 0 plugins.
Preloading 0 native plugins for Editor in 0.00 ms.
Mono: successfully reloaded assembly
- Completed reload, in  0.781 seconds
Platform modules already initialized, skipping
Refreshing native plugins compatible for Editor in 0.18 ms, found 0 plugins.
Preloading 0 native plugins for Editor in 0.00 ms.
Unloading 1111 Unused Serialized files (Serialized files now loaded: 0)
System memory in use before: 57.0 MB.
System memory in use after: 57.1 MB.

Unloading 5 unused Assets to reduce memory usage. Loaded Objects now: 1564.
Total: 1.815600 ms (FindLiveObjects: 0.180600 ms CreateObjectMapping: 0.028800 ms MarkObjects: 1.511500 ms  DeleteObjects: 0.093800 ms)

========================================================================
Received Import Request.
  Time since last request: 19.469877 seconds.
  path: Assets/Blackjack.cs
  artifactKey: Guid(321750bccc11aae489b1720cc3522e4f) Importer(815301076,1909f56bfc062723c751e8b465ee728b)
Start importing Assets/Blackjack.cs using Guid(321750bccc11aae489b1720cc3522e4f) Importer(815301076,1909f56bfc062723c751e8b465ee728b)  -> (artifact id: 'ef52c6defde556392cd5ebb899483821') in 0.004806 seconds
  Import took 0.006886 seconds .

========================================================================
Received Prepare
Registering precompiled user dll's ...
Registered in 0.000862 seconds.
Begin MonoManager ReloadAssembly
Native extension for WindowsStandalone target not found
Refreshing native plugins compatible for Editor in 0.28 ms, found 0 plugins.
Preloading 0 native plugins for Editor in 0.00 ms.
Mono: successfully reloaded assembly
- Completed reload, in  0.786 seconds
Platform modules already initialized, skipping
Refreshing native plugins compatible for Editor in 0.22 ms, found 0 plugins.
Preloading 0 native plugins for Editor in 0.00 ms.
Unloading 1111 Unused Serialized files (Serialized files now loaded: 0)
System memory in use before: 57.0 MB.
System memory in use after: 57.1 MB.

Unloading 5 unused Assets to reduce memory usage. Loaded Objects now: 1567.
Total: 1.882800 ms (FindLiveObjects: 0.182500 ms CreateObjectMapping: 0.045800 ms MarkObjects: 1.535200 ms  DeleteObjects: 0.117800 ms)

========================================================================
Received Prepare
Registering precompiled user dll's ...
Registered in 0.000802 seconds.
Begin MonoManager ReloadAssembly
Native extension for WindowsStandalone target not found
Refreshing native plugins compatible for Editor in 0.19 ms, found 0 plugins.
Preloading 0 native plugins for Editor in 0.00 ms.
Mono: successfully reloaded assembly
- Completed reload, in  0.815 seconds
Platform modules already initialized, skipping
Refreshing native plugins compatible for Editor in 0.19 ms, found 0 plugins.
Preloading 0 native plugins for Editor in 0.00 ms.
Unloading 1111 Unused Serialized files (Serialized files now loaded: 0)
System memory in use before: 57.1 MB.
System memory in use after: 57.1 MB.

Unloading 5 unused Assets to reduce memory usage. Loaded Objects now: 1570.
Total: 3.421100 ms (FindLiveObjects: 0.240300 ms CreateObjectMapping: 0.057600 ms MarkObjects: 3.030400 ms  DeleteObjects: 0.091500 ms)

========================================================================
Received Prepare
Registering precompiled user dll's ...
Registered in 0.000907 seconds.
Begin MonoManager ReloadAssembly
Native extension for WindowsStandalone target not found
Refreshing native plugins compatible for Editor in 0.23 ms, found 0 plugins.
Preloading 0 native plugins for Editor in 0.00 ms.
Mono: successfully reloaded assembly
- Completed reload, in  0.762 seconds
Platform modules already initialized, skipping
Refreshing native plugins compatible for Editor in 0.27 ms, found 0 plugins.
Preloading 0 native plugins for Editor in 0.00 ms.
Unloading 1111 Unused Serialized files (Serialized files now loaded: 0)
System memory in use before: 57.1 MB.
System memory in use after: 57.1 MB.

Unloading 5 unused Assets to reduce memory usage. Loaded Objects now: 1573.
Total: 1.773400 ms (FindLiveObjects: 0.161600 ms CreateObjectMapping: 0.042300 ms MarkObjects: 1.455500 ms  DeleteObjects: 0.098600 ms)

========================================================================
Received Prepare
Registering precompiled user dll's ...
Registered in 0.000802 seconds.
Begin MonoManager ReloadAssembly
Native extension for WindowsStandalone target not found
Refreshing native plugins compatible for Editor in 0.19 ms, found 0 plugins.
Preloading 0 native plugins for Editor in 0.00 ms.
Mono: successfully reloaded assembly
- Completed reload, in  0.763 seconds
Platform modules already initialized, skipping
Refreshing native plugins compatible for Editor in 0.20 ms, found 0 plugins.
Preloading 0 native plugins for Editor in 0.00 ms.
Unloading 1111 Unused Serialized files (Serialized files now loaded: 0)
System memory in use before: 57.1 MB.
System memory in use after: 57.1 MB.

Unloading 5 unused Assets to reduce memory usage. Loaded Objects now: 1576.
Total: 1.879100 ms (FindLiveObjects: 0.152300 ms CreateObjectMapping: 0.034900 ms MarkObjects: 1.611100 ms  DeleteObjects: 0.080100 ms)

========================================================================
Received Prepare
Registering precompiled user dll's ...
Registered in 0.000694 seconds.
Begin MonoManager ReloadAssembly
Native extension for WindowsStandalone target not found
Refreshing native plugins compatible for Editor in 0.29 ms, found 0 plugins.
Preloading 0 native plugins for Editor in 0.00 ms.
Mono: successfully reloaded assembly
- Completed reload, in  0.765 seconds
Platform modules already initialized, skipping
Refreshing native plugins compatible for Editor in 0.19 ms, found 0 plugins.
Preloading 0 native plugins for Editor in 0.00 ms.
Unloading 1111 Unused Serialized files (Serialized files now loaded: 0)
System memory in use before: 57.1 MB.
System memory in use after: 57.1 MB.

Unloading 5 unused Assets to reduce memory usage. Loaded Objects now: 1579.
Total: 1.780500 ms (FindLiveObjects: 0.179500 ms CreateObjectMapping: 0.065300 ms MarkObjects: 1.458700 ms  DeleteObjects: 0.076100 ms)

========================================================================
Received Prepare
Registering precompiled user dll's ...
Registered in 0.000687 seconds.
Begin MonoManager ReloadAssembly
Native extension for WindowsStandalone target not found
Refreshing native plugins compatible for Editor in 0.31 ms, found 0 plugins.
Preloading 0 native plugins for Editor in 0.00 ms.
Mono: successfully reloaded assembly
- Completed reload, in  0.758 seconds
Platform modules already initialized, skipping
Refreshing native plugins compatible for Editor in 0.18 ms, found 0 plugins.
Preloading 0 native plugins for Editor in 0.00 ms.
Unloading 1111 Unused Serialized files (Serialized files now loaded: 0)
System memory in use before: 57.1 MB.
System memory in use after: 57.2 MB.

Unloading 5 unused Assets to reduce memory usage. Loaded Objects now: 1582.
Total: 1.796400 ms (FindLiveObjects: 0.169700 ms CreateObjectMapping: 0.052500 ms MarkObjects: 1.480300 ms  DeleteObjects: 0.092600 ms)

========================================================================
Received Prepare
Registering precompiled user dll's ...
Registered in 0.000911 seconds.
Begin MonoManager ReloadAssembly
Native extension for WindowsStandalone target not found
Refreshing native plugins compatible for Editor in 0.18 ms, found 0 plugins.
Preloading 0 native plugins for Editor in 0.00 ms.
Mono: successfully reloaded assembly
- Completed reload, in  0.765 seconds
Platform modules already initialized, skipping
Refreshing native plugins compatible for Editor in 0.19 ms, found 0 plugins.
Preloading 0 native plugins for Editor in 0.00 ms.
Unloading 1111 Unused Serialized files (Serialized files now loaded: 0)
System memory in use before: 57.1 MB.
System memory in use after: 57.2 MB.

Unloading 5 unused Assets to reduce memory usage. Loaded Objects now: 1585.
Total: 1.782000 ms (FindLiveObjects: 0.183100 ms CreateObjectMapping: 0.057100 ms MarkObjects: 1.432700 ms  DeleteObjects: 0.107800 ms)

========================================================================
Received Import Request.
  Time since last request: 518.905072 seconds.
  path: Assets/Blackjack.cs
  artifactKey: Guid(321750bccc11aae489b1720cc3522e4f) Importer(815301076,1909f56bfc062723c751e8b465ee728b)
Start importing Assets/Blackjack.cs using Guid(321750bccc11aae489b1720cc3522e4f) Importer(815301076,1909f56bfc062723c751e8b465ee728b)  -> (artifact id: '36e96ce1b879a586d0aa383f2c411f6e') in 0.006912 seconds
  Import took 0.010064 seconds .

========================================================================
Received Import Request.
  Time since last request: 0.029322 seconds.
  path: Assets/Blackjack.cs
  artifactKey: Guid(321750bccc11aae489b1720cc3522e4f) Importer(815301076,1909f56bfc062723c751e8b465ee728b)
Start importing Assets/Blackjack.cs using Guid(321750bccc11aae489b1720cc3522e4f) Importer(815301076,1909f56bfc062723c751e8b465ee728b)  -> (artifact id: '36e96ce1b879a586d0aa383f2c411f6e') in 0.003185 seconds
  Import took 0.005834 seconds .

========================================================================
Received Prepare
Registering precompiled user dll's ...
Registered in 0.000716 seconds.
Begin MonoManager ReloadAssembly
Native extension for WindowsStandalone target not found
Refreshing native plugins compatible for Editor in 0.28 ms, found 0 plugins.
Preloading 0 native plugins for Editor in 0.00 ms.
Mono: successfully reloaded assembly
- Completed reload, in  0.798 seconds
Platform modules already initialized, skipping
Refreshing native plugins compatible for Editor in 0.30 ms, found 0 plugins.
Preloading 0 native plugins for Editor in 0.00 ms.
Unloading 1111 Unused Serialized files (Serialized files now loaded: 0)
System memory in use before: 57.1 MB.
System memory in use after: 57.2 MB.

Unloading 5 unused Assets to reduce memory usage. Loaded Objects now: 1588.
Total: 2.281500 ms (FindLiveObjects: 0.261400 ms CreateObjectMapping: 0.049000 ms MarkObjects: 1.849100 ms  DeleteObjects: 0.120400 ms)

========================================================================
Received Prepare
Registering precompiled user dll's ...
Registered in 0.000700 seconds.
Begin MonoManager ReloadAssembly
Native extension for WindowsStandalone target not found
Refreshing native plugins compatible for Editor in 0.19 ms, found 0 plugins.
Preloading 0 native plugins for Editor in 0.00 ms.
Mono: successfully reloaded assembly
- Completed reload, in  0.750 seconds
Platform modules already initialized, skipping
Refreshing native plugins compatible for Editor in 0.18 ms, found 0 plugins.
Preloading 0 native plugins for Editor in 0.00 ms.
Unloading 1111 Unused Serialized files (Serialized files now loaded: 0)
System memory in use before: 57.1 MB.
System memory in use after: 57.2 MB.

Unloading 5 unused Assets to reduce memory usage. Loaded Objects now: 1591.
Total: 2.036600 ms (FindLiveObjects: 0.141600 ms CreateObjectMapping: 0.059900 ms MarkObjects: 1.751700 ms  DeleteObjects: 0.082400 ms)

========================================================================
Received Prepare
Registering precompiled user dll's ...
Registered in 0.001075 seconds.
Begin MonoManager ReloadAssembly
Native extension for WindowsStandalone target not found
Refreshing native plugins compatible for Editor in 0.28 ms, found 0 plugins.
Preloading 0 native plugins for Editor in 0.00 ms.
Mono: successfully reloaded assembly
- Completed reload, in  0.770 seconds
Platform modules already initialized, skipping
Refreshing native plugins compatible for Editor in 0.18 ms, found 0 plugins.
Preloading 0 native plugins for Editor in 0.00 ms.
Unloading 1111 Unused Serialized files (Serialized files now loaded: 0)
System memory in use before: 57.1 MB.
System memory in use after: 57.2 MB.

Unloading 5 unused Assets to reduce memory usage. Loaded Objects now: 1594.
Total: 2.128800 ms (FindLiveObjects: 0.146100 ms CreateObjectMapping: 0.032400 ms MarkObjects: 1.854700 ms  DeleteObjects: 0.094600 ms)

========================================================================
Received Prepare
Registering precompiled user dll's ...
Registered in 0.001219 seconds.
Begin MonoManager ReloadAssembly
Native extension for WindowsStandalone target not found
Refreshing native plugins compatible for Editor in 0.26 ms, found 0 plugins.
Preloading 0 native plugins for Editor in 0.00 ms.
Mono: successfully reloaded assembly
- Completed reload, in  0.970 seconds
Platform modules already initialized, skipping
Refreshing native plugins compatible for Editor in 0.19 ms, found 0 plugins.
Preloading 0 native plugins for Editor in 0.00 ms.
Unloading 1111 Unused Serialized files (Serialized files now loaded: 0)
System memory in use before: 57.1 MB.
System memory in use after: 57.2 MB.

Unloading 5 unused Assets to reduce memory usage. Loaded Objects now: 1597.
Total: 3.036100 ms (FindLiveObjects: 0.299200 ms CreateObjectMapping: 0.107500 ms MarkObjects: 2.566900 ms  DeleteObjects: 0.059500 ms)

========================================================================
Received Prepare
Registering precompiled user dll's ...
Registered in 0.000839 seconds.
Begin MonoManager ReloadAssembly
Native extension for WindowsStandalone target not found
Refreshing native plugins compatible for Editor in 0.19 ms, found 0 plugins.
Preloading 0 native plugins for Editor in 0.00 ms.
Mono: successfully reloaded assembly
- Completed reload, in  0.797 seconds
Platform modules already initialized, skipping
Refreshing native plugins compatible for Editor in 0.19 ms, found 0 plugins.
Preloading 0 native plugins for Editor in 0.00 ms.
Unloading 1112 Unused Serialized files (Serialized files now loaded: 0)
System memory in use before: 57.1 MB.
System memory in use after: 57.2 MB.

Unloading 5 unused Assets to reduce memory usage. Loaded Objects now: 1601.
Total: 1.679700 ms (FindLiveObjects: 0.153200 ms CreateObjectMapping: 0.034400 ms MarkObjects: 1.445700 ms  DeleteObjects: 0.045600 ms)

========================================================================
Received Import Request.
  Time since last request: 457.621979 seconds.
  path: Assets/UIControl.cs
  artifactKey: Guid(8fb1a60849b43db47a6f7382f240e833) Importer(815301076,1909f56bfc062723c751e8b465ee728b)
Start importing Assets/UIControl.cs using Guid(8fb1a60849b43db47a6f7382f240e833) Importer(815301076,1909f56bfc062723c751e8b465ee728b)  -> (artifact id: 'c274731045fa277e7fdadf77ec4b8e4b') in 0.004807 seconds
  Import took 0.007076 seconds .

========================================================================
Received Prepare
Registering precompiled user dll's ...
Registered in 0.000723 seconds.
Begin MonoManager ReloadAssembly
Native extension for WindowsStandalone target not found
Refreshing native plugins compatible for Editor in 0.20 ms, found 0 plugins.
Preloading 0 native plugins for Editor in 0.00 ms.
Mono: successfully reloaded assembly
- Completed reload, in  0.786 seconds
Platform modules already initialized, skipping
Refreshing native plugins compatible for Editor in 0.19 ms, found 0 plugins.
Preloading 0 native plugins for Editor in 0.00 ms.
Unloading 1112 Unused Serialized files (Serialized files now loaded: 0)
System memory in use before: 57.1 MB.
System memory in use after: 57.2 MB.

Unloading 5 unused Assets to reduce memory usage. Loaded Objects now: 1604.
Total: 1.692800 ms (FindLiveObjects: 0.152800 ms CreateObjectMapping: 0.057000 ms MarkObjects: 1.403900 ms  DeleteObjects: 0.078400 ms)

========================================================================
Received Prepare
Registering precompiled user dll's ...
Registered in 0.000738 seconds.
Begin MonoManager ReloadAssembly
Native extension for WindowsStandalone target not found
Refreshing native plugins compatible for Editor in 0.19 ms, found 0 plugins.
Preloading 0 native plugins for Editor in 0.00 ms.
Mono: successfully reloaded assembly
- Completed reload, in  0.766 seconds
Platform modules already initialized, skipping
Refreshing native plugins compatible for Editor in 0.32 ms, found 0 plugins.
Preloading 0 native plugins for Editor in 0.00 ms.
Unloading 1112 Unused Serialized files (Serialized files now loaded: 0)
System memory in use before: 57.1 MB.
System memory in use after: 57.2 MB.

Unloading 5 unused Assets to reduce memory usage. Loaded Objects now: 1607.
Total: 1.867900 ms (FindLiveObjects: 0.134100 ms CreateObjectMapping: 0.033100 ms MarkObjects: 1.617100 ms  DeleteObjects: 0.082400 ms)

========================================================================
Received Import Request.
  Time since last request: 523.343847 seconds.
  path: Assets/UIControl.cs
  artifactKey: Guid(8fb1a60849b43db47a6f7382f240e833) Importer(815301076,1909f56bfc062723c751e8b465ee728b)
Start importing Assets/UIControl.cs using Guid(8fb1a60849b43db47a6f7382f240e833) Importer(815301076,1909f56bfc062723c751e8b465ee728b)  -> (artifact id: '56c198a50d16f72e35037653e82c7c2b') in 0.005351 seconds
  Import took 0.007363 seconds .

========================================================================
Received Prepare
Registering precompiled user dll's ...
Registered in 0.000952 seconds.
Begin MonoManager ReloadAssembly
Native extension for WindowsStandalone target not found
Refreshing native plugins compatible for Editor in 0.22 ms, found 0 plugins.
Preloading 0 native plugins for Editor in 0.00 ms.
Mono: successfully reloaded assembly
- Completed reload, in  0.944 seconds
Platform modules already initialized, skipping
Refreshing native plugins compatible for Editor in 0.21 ms, found 0 plugins.
Preloading 0 native plugins for Editor in 0.00 ms.
Unloading 1113 Unused Serialized files (Serialized files now loaded: 0)
System memory in use before: 57.2 MB.
System memory in use after: 57.2 MB.

Unloading 5 unused Assets to reduce memory usage. Loaded Objects now: 1611.
Total: 2.100100 ms (FindLiveObjects: 0.174700 ms CreateObjectMapping: 0.044900 ms MarkObjects: 1.772900 ms  DeleteObjects: 0.105200 ms)

========================================================================
Received Import Request.
  Time since last request: 2497.767417 seconds.
  path: Assets/ParticleControl.cs
  artifactKey: Guid(7356c9905fd0168458dc34a734cafe60) Importer(815301076,1909f56bfc062723c751e8b465ee728b)
Start importing Assets/ParticleControl.cs using Guid(7356c9905fd0168458dc34a734cafe60) Importer(815301076,1909f56bfc062723c751e8b465ee728b)  -> (artifact id: 'b4702fe4ebfed3a6ac1f77f134109cf3') in 0.007859 seconds
  Import took 0.010926 seconds .

========================================================================
Received Prepare
Registering precompiled user dll's ...
Registered in 0.000756 seconds.
Begin MonoManager ReloadAssembly
Native extension for WindowsStandalone target not found
Refreshing native plugins compatible for Editor in 0.19 ms, found 0 plugins.
Preloading 0 native plugins for Editor in 0.00 ms.
Mono: successfully reloaded assembly
- Completed reload, in  0.790 seconds
Platform modules already initialized, skipping
Refreshing native plugins compatible for Editor in 0.21 ms, found 0 plugins.
Preloading 0 native plugins for Editor in 0.00 ms.
Unloading 1113 Unused Serialized files (Serialized files now loaded: 0)
System memory in use before: 57.2 MB.
System memory in use after: 57.2 MB.

Unloading 5 unused Assets to reduce memory usage. Loaded Objects now: 1614.
Total: 2.241300 ms (FindLiveObjects: 0.237900 ms CreateObjectMapping: 0.050200 ms MarkObjects: 1.859100 ms  DeleteObjects: 0.093200 ms)

========================================================================
Received Prepare
Registering precompiled user dll's ...
Registered in 0.001216 seconds.
Begin MonoManager ReloadAssembly
Native extension for WindowsStandalone target not found
Refreshing native plugins compatible for Editor in 0.19 ms, found 0 plugins.
Preloading 0 native plugins for Editor in 0.00 ms.
Mono: successfully reloaded assembly
- Completed reload, in  0.785 seconds
Platform modules already initialized, skipping
Refreshing native plugins compatible for Editor in 0.18 ms, found 0 plugins.
Preloading 0 native plugins for Editor in 0.00 ms.
Unloading 1113 Unused Serialized files (Serialized files now loaded: 0)
System memory in use before: 57.2 MB.
System memory in use after: 57.2 MB.

Unloading 5 unused Assets to reduce memory usage. Loaded Objects now: 1617.
Total: 1.868300 ms (FindLiveObjects: 0.213400 ms CreateObjectMapping: 0.063000 ms MarkObjects: 1.498200 ms  DeleteObjects: 0.092700 ms)

========================================================================
Received Import Request.
  Time since last request: 164.734595 seconds.
  path: Assets/ParticleControl.cs
  artifactKey: Guid(7356c9905fd0168458dc34a734cafe60) Importer(815301076,1909f56bfc062723c751e8b465ee728b)
Start importing Assets/ParticleControl.cs using Guid(7356c9905fd0168458dc34a734cafe60) Importer(815301076,1909f56bfc062723c751e8b465ee728b)  -> (artifact id: '6d6029c123dc1ffbf2ab6671cd72b2d0') in 0.004913 seconds
  Import took 0.007083 seconds .

========================================================================
Received Prepare
Registering precompiled user dll's ...
Registered in 0.000729 seconds.
Begin MonoManager ReloadAssembly
Native extension for WindowsStandalone target not found
Refreshing native plugins compatible for Editor in 0.19 ms, found 0 plugins.
Preloading 0 native plugins for Editor in 0.00 ms.
Mono: successfully reloaded assembly
- Completed reload, in  0.754 seconds
Platform modules already initialized, skipping
Refreshing native plugins compatible for Editor in 0.40 ms, found 0 plugins.
Preloading 0 native plugins for Editor in 0.00 ms.
Unloading 1113 Unused Serialized files (Serialized files now loaded: 0)
System memory in use before: 57.2 MB.
System memory in use after: 57.3 MB.

Unloading 5 unused Assets to reduce memory usage. Loaded Objects now: 1620.
Total: 1.902800 ms (FindLiveObjects: 0.208000 ms CreateObjectMapping: 0.034400 ms MarkObjects: 1.567500 ms  DeleteObjects: 0.091900 ms)

========================================================================
Received Prepare
Registering precompiled user dll's ...
Registered in 0.000825 seconds.
Begin MonoManager ReloadAssembly
Native extension for WindowsStandalone target not found
Refreshing native plugins compatible for Editor in 0.19 ms, found 0 plugins.
Preloading 0 native plugins for Editor in 0.00 ms.
Mono: successfully reloaded assembly
- Completed reload, in  0.790 seconds
Platform modules already initialized, skipping
Refreshing native plugins compatible for Editor in 0.29 ms, found 0 plugins.
Preloading 0 native plugins for Editor in 0.00 ms.
Unloading 1113 Unused Serialized files (Serialized files now loaded: 0)
System memory in use before: 57.2 MB.
System memory in use after: 57.3 MB.

Unloading 5 unused Assets to reduce memory usage. Loaded Objects now: 1623.
Total: 1.908800 ms (FindLiveObjects: 0.217800 ms CreateObjectMapping: 0.044400 ms MarkObjects: 1.582200 ms  DeleteObjects: 0.062700 ms)

========================================================================
Received Prepare
Registering precompiled user dll's ...
Registered in 0.000717 seconds.
Begin MonoManager ReloadAssembly
Native extension for WindowsStandalone target not found
Refreshing native plugins compatible for Editor in 0.19 ms, found 0 plugins.
Preloading 0 native plugins for Editor in 0.00 ms.
Mono: successfully reloaded assembly
- Completed reload, in  0.780 seconds
Platform modules already initialized, skipping
Refreshing native plugins compatible for Editor in 0.19 ms, found 0 plugins.
Preloading 0 native plugins for Editor in 0.00 ms.
Unloading 1113 Unused Serialized files (Serialized files now loaded: 0)
System memory in use before: 57.2 MB.
System memory in use after: 57.3 MB.

Unloading 5 unused Assets to reduce memory usage. Loaded Objects now: 1626.
Total: 1.914600 ms (FindLiveObjects: 0.207800 ms CreateObjectMapping: 0.032100 ms MarkObjects: 1.611700 ms  DeleteObjects: 0.062200 ms)

========================================================================
Received Prepare
Registering precompiled user dll's ...
Registered in 0.000855 seconds.
Begin MonoManager ReloadAssembly
Native extension for WindowsStandalone target not found
Refreshing native plugins compatible for Editor in 0.29 ms, found 0 plugins.
Preloading 0 native plugins for Editor in 0.00 ms.
Mono: successfully reloaded assembly
- Completed reload, in  0.794 seconds
Platform modules already initialized, skipping
Refreshing native plugins compatible for Editor in 0.19 ms, found 0 plugins.
Preloading 0 native plugins for Editor in 0.00 ms.
Unloading 1113 Unused Serialized files (Serialized files now loaded: 0)
System memory in use before: 57.2 MB.
System memory in use after: 57.3 MB.

Unloading 5 unused Assets to reduce memory usage. Loaded Objects now: 1629.
Total: 1.772100 ms (FindLiveObjects: 0.179000 ms CreateObjectMapping: 0.056900 ms MarkObjects: 1.451600 ms  DeleteObjects: 0.083100 ms)

========================================================================
Received Prepare
Registering precompiled user dll's ...
Registered in 0.000702 seconds.
Begin MonoManager ReloadAssembly
Native extension for WindowsStandalone target not found
Refreshing native plugins compatible for Editor in 0.24 ms, found 0 plugins.
Preloading 0 native plugins for Editor in 0.00 ms.
Mono: successfully reloaded assembly
- Completed reload, in  0.863 seconds
Platform modules already initialized, skipping
Refreshing native plugins compatible for Editor in 0.20 ms, found 0 plugins.
Preloading 0 native plugins for Editor in 0.00 ms.
Unloading 1113 Unused Serialized files (Serialized files now loaded: 0)
System memory in use before: 57.2 MB.
System memory in use after: 57.3 MB.

Unloading 5 unused Assets to reduce memory usage. Loaded Objects now: 1632.
Total: 1.810000 ms (FindLiveObjects: 0.155900 ms CreateObjectMapping: 0.035800 ms MarkObjects: 1.541500 ms  DeleteObjects: 0.075800 ms)

========================================================================
Received Prepare
Registering precompiled user dll's ...
Registered in 0.000808 seconds.
Begin MonoManager ReloadAssembly
Native extension for WindowsStandalone target not found
Refreshing native plugins compatible for Editor in 0.19 ms, found 0 plugins.
Preloading 0 native plugins for Editor in 0.00 ms.
Mono: successfully reloaded assembly
- Completed reload, in  0.853 seconds
Platform modules already initialized, skipping
Refreshing native plugins compatible for Editor in 0.19 ms, found 0 plugins.
Preloading 0 native plugins for Editor in 0.00 ms.
Unloading 1113 Unused Serialized files (Serialized files now loaded: 0)
System memory in use before: 57.2 MB.
System memory in use after: 57.3 MB.

Unloading 5 unused Assets to reduce memory usage. Loaded Objects now: 1635.
Total: 1.964000 ms (FindLiveObjects: 0.218100 ms CreateObjectMapping: 0.064800 ms MarkObjects: 1.587200 ms  DeleteObjects: 0.092900 ms)

========================================================================
Received Prepare
Registering precompiled user dll's ...
Registered in 0.000736 seconds.
Begin MonoManager ReloadAssembly
Native extension for WindowsStandalone target not found
Refreshing native plugins compatible for Editor in 0.19 ms, found 0 plugins.
Preloading 0 native plugins for Editor in 0.00 ms.
Mono: successfully reloaded assembly
- Completed reload, in  0.807 seconds
Platform modules already initialized, skipping
Refreshing native plugins compatible for Editor in 0.19 ms, found 0 plugins.
Preloading 0 native plugins for Editor in 0.00 ms.
Unloading 1113 Unused Serialized files (Serialized files now loaded: 0)
System memory in use before: 57.2 MB.
System memory in use after: 57.3 MB.

Unloading 5 unused Assets to reduce memory usage. Loaded Objects now: 1638.
Total: 2.126300 ms (FindLiveObjects: 0.168900 ms CreateObjectMapping: 0.064000 ms MarkObjects: 1.807700 ms  DeleteObjects: 0.084500 ms)

========================================================================
Received Prepare
Registering precompiled user dll's ...
Registered in 0.000878 seconds.
Begin MonoManager ReloadAssembly
Native extension for WindowsStandalone target not found
Refreshing native plugins compatible for Editor in 0.24 ms, found 0 plugins.
Preloading 0 native plugins for Editor in 0.00 ms.
Mono: successfully reloaded assembly
- Completed reload, in  0.806 seconds
Platform modules already initialized, skipping
Refreshing native plugins compatible for Editor in 0.20 ms, found 0 plugins.
Preloading 0 native plugins for Editor in 0.00 ms.
Unloading 1113 Unused Serialized files (Serialized files now loaded: 0)
System memory in use before: 57.2 MB.
System memory in use after: 57.3 MB.

Unloading 5 unused Assets to reduce memory usage. Loaded Objects now: 1641.
Total: 1.828800 ms (FindLiveObjects: 0.202900 ms CreateObjectMapping: 0.041400 ms MarkObjects: 1.477200 ms  DeleteObjects: 0.105600 ms)

========================================================================
Received Prepare
Registering precompiled user dll's ...
Registered in 0.000766 seconds.
Begin MonoManager ReloadAssembly
Native extension for WindowsStandalone target not found
Refreshing native plugins compatible for Editor in 0.28 ms, found 0 plugins.
Preloading 0 native plugins for Editor in 0.00 ms.
Mono: successfully reloaded assembly
- Completed reload, in  0.909 seconds
Platform modules already initialized, skipping
Refreshing native plugins compatible for Editor in 0.20 ms, found 0 plugins.
Preloading 0 native plugins for Editor in 0.00 ms.
Unloading 1113 Unused Serialized files (Serialized files now loaded: 0)
System memory in use before: 57.3 MB.
System memory in use after: 57.3 MB.

Unloading 5 unused Assets to reduce memory usage. Loaded Objects now: 1644.
Total: 1.777000 ms (FindLiveObjects: 0.221800 ms CreateObjectMapping: 0.051000 ms MarkObjects: 1.456400 ms  DeleteObjects: 0.046200 ms)

========================================================================
Received Import Request.
  Time since last request: 1620.488122 seconds.
  path: Assets/Blackjack.cs
  artifactKey: Guid(321750bccc11aae489b1720cc3522e4f) Importer(815301076,1909f56bfc062723c751e8b465ee728b)
Start importing Assets/Blackjack.cs using Guid(321750bccc11aae489b1720cc3522e4f) Importer(815301076,1909f56bfc062723c751e8b465ee728b)  -> (artifact id: 'a045588e3ce7f01ab001844ed6be0fb7') in 0.005815 seconds
  Import took 0.008253 seconds .

========================================================================
Received Prepare
Registering precompiled user dll's ...
Registered in 0.000805 seconds.
Begin MonoManager ReloadAssembly
Native extension for WindowsStandalone target not found
Refreshing native plugins compatible for Editor in 0.19 ms, found 0 plugins.
Preloading 0 native plugins for Editor in 0.00 ms.
Mono: successfully reloaded assembly
- Completed reload, in  0.824 seconds
Platform modules already initialized, skipping
Refreshing native plugins compatible for Editor in 0.18 ms, found 0 plugins.
Preloading 0 native plugins for Editor in 0.00 ms.
Unloading 1113 Unused Serialized files (Serialized files now loaded: 0)
System memory in use before: 57.3 MB.
System memory in use after: 57.3 MB.

Unloading 5 unused Assets to reduce memory usage. Loaded Objects now: 1647.
Total: 1.860300 ms (FindLiveObjects: 0.208400 ms CreateObjectMapping: 0.073700 ms MarkObjects: 1.466700 ms  DeleteObjects: 0.110400 ms)

========================================================================
Received Prepare
Registering precompiled user dll's ...
Registered in 0.000905 seconds.
Begin MonoManager ReloadAssembly
Native extension for WindowsStandalone target not found
Refreshing native plugins compatible for Editor in 0.28 ms, found 0 plugins.
Preloading 0 native plugins for Editor in 0.00 ms.
Mono: successfully reloaded assembly
- Completed reload, in  0.756 seconds
Platform modules already initialized, skipping
Refreshing native plugins compatible for Editor in 0.19 ms, found 0 plugins.
Preloading 0 native plugins for Editor in 0.00 ms.
Unloading 1113 Unused Serialized files (Serialized files now loaded: 0)
System memory in use before: 57.3 MB.
System memory in use after: 57.3 MB.

Unloading 5 unused Assets to reduce memory usage. Loaded Objects now: 1650.
Total: 1.867700 ms (FindLiveObjects: 0.164200 ms CreateObjectMapping: 0.036400 ms MarkObjects: 1.589100 ms  DeleteObjects: 0.076800 ms)

========================================================================
Received Import Request.
  Time since last request: 1424.816292 seconds.
  path: Assets/EventManager.cs
  artifactKey: Guid(726586a8a08d603489c558ad47ef1ca5) Importer(815301076,1909f56bfc062723c751e8b465ee728b)
Start importing Assets/EventManager.cs using Guid(726586a8a08d603489c558ad47ef1ca5) Importer(815301076,1909f56bfc062723c751e8b465ee728b)  -> (artifact id: 'df01f620cc3df5f9f4379fce662d3869') in 0.007672 seconds
  Import took 0.011007 seconds .

========================================================================
Received Import Request.
  Time since last request: 0.001027 seconds.
  path: Assets/EventManager.cs
  artifactKey: Guid(726586a8a08d603489c558ad47ef1ca5) Importer(815301076,1909f56bfc062723c751e8b465ee728b)
Start importing Assets/EventManager.cs using Guid(726586a8a08d603489c558ad47ef1ca5) Importer(815301076,1909f56bfc062723c751e8b465ee728b)  -> (artifact id: 'df01f620cc3df5f9f4379fce662d3869') in 0.003081 seconds
  Import took 0.005304 seconds .

========================================================================
Received Prepare
Registering precompiled user dll's ...
Registered in 0.001227 seconds.
Begin MonoManager ReloadAssembly
Native extension for WindowsStandalone target not found
Refreshing native plugins compatible for Editor in 0.30 ms, found 0 plugins.
Preloading 0 native plugins for Editor in 0.00 ms.
Mono: successfully reloaded assembly
- Completed reload, in  1.058 seconds
Platform modules already initialized, skipping
Refreshing native plugins compatible for Editor in 0.20 ms, found 0 plugins.
Preloading 0 native plugins for Editor in 0.00 ms.
Unloading 1114 Unused Serialized files (Serialized files now loaded: 0)
System memory in use before: 57.3 MB.
System memory in use after: 57.4 MB.

Unloading 5 unused Assets to reduce memory usage. Loaded Objects now: 1654.
Total: 1.698400 ms (FindLiveObjects: 0.218800 ms CreateObjectMapping: 0.064000 ms MarkObjects: 1.362300 ms  DeleteObjects: 0.052300 ms)

========================================================================
Received Import Request.
  Time since last request: 247.303457 seconds.
  path: Assets/EventManager.cs
  artifactKey: Guid(726586a8a08d603489c558ad47ef1ca5) Importer(815301076,1909f56bfc062723c751e8b465ee728b)
Start importing Assets/EventManager.cs using Guid(726586a8a08d603489c558ad47ef1ca5) Importer(815301076,1909f56bfc062723c751e8b465ee728b)  -> (artifact id: 'dfa35adb91ca3dc2b0b85213b0df5f5d') in 0.007350 seconds
  Import took 0.010534 seconds .

========================================================================
Received Prepare
Registering precompiled user dll's ...
Registered in 0.000731 seconds.
Begin MonoManager ReloadAssembly
Native extension for WindowsStandalone target not found
Refreshing native plugins compatible for Editor in 0.20 ms, found 0 plugins.
Preloading 0 native plugins for Editor in 0.00 ms.
Mono: successfully reloaded assembly
- Completed reload, in  0.824 seconds
Platform modules already initialized, skipping
Refreshing native plugins compatible for Editor in 0.18 ms, found 0 plugins.
Preloading 0 native plugins for Editor in 0.00 ms.
Unloading 1114 Unused Serialized files (Serialized files now loaded: 0)
System memory in use before: 57.3 MB.
System memory in use after: 57.4 MB.

Unloading 5 unused Assets to reduce memory usage. Loaded Objects now: 1657.
Total: 1.724500 ms (FindLiveObjects: 0.144600 ms CreateObjectMapping: 0.032900 ms MarkObjects: 1.450100 ms  DeleteObjects: 0.096000 ms)

========================================================================
Received Import Request.
  Time since last request: 29.995712 seconds.
  path: Assets/EventManager.cs
  artifactKey: Guid(726586a8a08d603489c558ad47ef1ca5) Importer(815301076,1909f56bfc062723c751e8b465ee728b)
Start importing Assets/EventManager.cs using Guid(726586a8a08d603489c558ad47ef1ca5) Importer(815301076,1909f56bfc062723c751e8b465ee728b)  -> (artifact id: 'acc281015d4be31d3318a3fc458b41e1') in 0.005123 seconds
  Import took 0.007116 seconds .

========================================================================
Received Prepare
Registering precompiled user dll's ...
Registered in 0.000749 seconds.
Begin MonoManager ReloadAssembly
Native extension for WindowsStandalone target not found
Refreshing native plugins compatible for Editor in 0.27 ms, found 0 plugins.
Preloading 0 native plugins for Editor in 0.00 ms.
Mono: successfully reloaded assembly
- Completed reload, in  0.790 seconds
Platform modules already initialized, skipping
Refreshing native plugins compatible for Editor in 0.19 ms, found 0 plugins.
Preloading 0 native plugins for Editor in 0.00 ms.
Unloading 1114 Unused Serialized files (Serialized files now loaded: 0)
System memory in use before: 57.3 MB.
System memory in use after: 57.4 MB.

Unloading 5 unused Assets to reduce memory usage. Loaded Objects now: 1660.
Total: 1.912700 ms (FindLiveObjects: 0.219900 ms CreateObjectMapping: 0.057100 ms MarkObjects: 1.541500 ms  DeleteObjects: 0.093200 ms)

========================================================================
Received Import Request.
  Time since last request: 101.560638 seconds.
  path: Assets/Blackjack.cs
  artifactKey: Guid(321750bccc11aae489b1720cc3522e4f) Importer(815301076,1909f56bfc062723c751e8b465ee728b)
Start importing Assets/Blackjack.cs using Guid(321750bccc11aae489b1720cc3522e4f) Importer(815301076,1909f56bfc062723c751e8b465ee728b)  -> (artifact id: 'b1c8a702a8ef8b1199170b21bd5563b1') in 0.004827 seconds
  Import took 0.006988 seconds .

========================================================================
Received Import Request.
  Time since last request: 145.930214 seconds.
  path: Assets/UIControl.cs
  artifactKey: Guid(8fb1a60849b43db47a6f7382f240e833) Importer(815301076,1909f56bfc062723c751e8b465ee728b)
Start importing Assets/UIControl.cs using Guid(8fb1a60849b43db47a6f7382f240e833) Importer(815301076,1909f56bfc062723c751e8b465ee728b)  -> (artifact id: '91429b936af0c0d731bd853ad928993f') in 0.003125 seconds
  Import took 0.005823 seconds .

========================================================================
Received Import Request.
  Time since last request: 72.881826 seconds.
  path: Assets/ParticleControl.cs
  artifactKey: Guid(7356c9905fd0168458dc34a734cafe60) Importer(815301076,1909f56bfc062723c751e8b465ee728b)
Start importing Assets/ParticleControl.cs using Guid(7356c9905fd0168458dc34a734cafe60) Importer(815301076,1909f56bfc062723c751e8b465ee728b)  -> (artifact id: 'c7817503bcc27a9dc3d615dcde932f9c') in 0.004705 seconds
  Import took 0.007766 seconds .

========================================================================
Received Import Request.
  Time since last request: 7.562321 seconds.
  path: Assets/ParticleControl.cs
  artifactKey: Guid(7356c9905fd0168458dc34a734cafe60) Importer(815301076,1909f56bfc062723c751e8b465ee728b)
Start importing Assets/ParticleControl.cs using Guid(7356c9905fd0168458dc34a734cafe60) Importer(815301076,1909f56bfc062723c751e8b465ee728b)  -> (artifact id: '28f6173b97f7dc837de668db1e15ddf8') in 0.004343 seconds
  Import took 0.007818 seconds .

========================================================================
Received Prepare
Registering precompiled user dll's ...
Registered in 0.000730 seconds.
Begin MonoManager ReloadAssembly
Native extension for WindowsStandalone target not found
Refreshing native plugins compatible for Editor in 0.19 ms, found 0 plugins.
Preloading 0 native plugins for Editor in 0.00 ms.
Mono: successfully reloaded assembly
- Completed reload, in  0.789 seconds
Platform modules already initialized, skipping
Refreshing native plugins compatible for Editor in 0.19 ms, found 0 plugins.
Preloading 0 native plugins for Editor in 0.00 ms.
Unloading 1114 Unused Serialized files (Serialized files now loaded: 0)
System memory in use before: 57.3 MB.
System memory in use after: 57.4 MB.

Unloading 5 unused Assets to reduce memory usage. Loaded Objects now: 1663.
Total: 2.574600 ms (FindLiveObjects: 0.182800 ms CreateObjectMapping: 0.091300 ms MarkObjects: 2.148600 ms  DeleteObjects: 0.150800 ms)

========================================================================
Received Prepare
Registering precompiled user dll's ...
Registered in 0.000756 seconds.
Begin MonoManager ReloadAssembly
Native extension for WindowsStandalone target not found
Refreshing native plugins compatible for Editor in 0.32 ms, found 0 plugins.
Preloading 0 native plugins for Editor in 0.00 ms.
Mono: successfully reloaded assembly
- Completed reload, in  0.805 seconds
Platform modules already initialized, skipping
Refreshing native plugins compatible for Editor in 0.18 ms, found 0 plugins.
Preloading 0 native plugins for Editor in 0.00 ms.
Unloading 1114 Unused Serialized files (Serialized files now loaded: 0)
System memory in use before: 57.3 MB.
System memory in use after: 57.4 MB.

Unloading 5 unused Assets to reduce memory usage. Loaded Objects now: 1666.
Total: 2.494700 ms (FindLiveObjects: 0.516400 ms CreateObjectMapping: 0.087500 ms MarkObjects: 1.823900 ms  DeleteObjects: 0.064300 ms)

AssetImportWorkerClient::OnTransportError - code=2 error=End of file
